make --dry-run --always-make --keep-going --print-directory
make: Entering directory '/mnt/nfs/homes/lebackor/Minishell_v1'
cc -Wall -Werror -Wextra -g3  -I includes -c srcs/minishell.c -o srcs/minishell.o
cc -Wall -Werror -Wextra -g3  -I includes -c srcs/echo.c -o srcs/echo.o
cc -Wall -Werror -Wextra -g3  -I includes -c srcs/search_bultins.c -o srcs/search_bultins.o
cc -Wall -Werror -Wextra -g3  -I includes -c srcs/env.c -o srcs/env.o
cc -Wall -Werror -Wextra -g3  -I includes -c srcs/liste.c -o srcs/liste.o
cc -Wall -Werror -Wextra -g3  -I includes -c srcs/export.c -o srcs/export.o
cc -Wall -Werror -Wextra -g3  -I includes -c srcs/cleaning.c -o srcs/cleaning.o
cc -Wall -Werror -Wextra -g3  -I includes -c srcs/pathparse.c -o srcs/pathparse.o
cc -Wall -Werror -Wextra -g3  -I includes -c parsing/parsing.c -o parsing/parsing.o
cc -Wall -Werror -Wextra -g3  -I includes -c parsing/split_space1.c -o parsing/split_space1.o
cc -Wall -Werror -Wextra -g3  -I includes -c srcs/utils.c -o srcs/utils.o
cc -Wall -Werror -Wextra -g3  -I includes -c srcs/unset.c -o srcs/unset.o
cc -Wall -Werror -Wextra -g3  -I includes -c srcs/cd.c -o srcs/cd.o
cc -Wall -Werror -Wextra -g3  -I includes -c srcs/pwd.c -o srcs/pwd.o
cc -Wall -Werror -Wextra -g3  -I includes -c srcs/searchcmd.c -o srcs/searchcmd.o
cc -Wall -Werror -Wextra -g3  -I includes -c srcs/env_str.c -o srcs/env_str.o
make -C libft
cc -Wall -Werror -Wextra -g3  srcs/minishell.o srcs/echo.o srcs/search_bultins.o srcs/env.o srcs/liste.o srcs/export.o srcs/cleaning.o srcs/pathparse.o parsing/parsing.o parsing/split_space1.o srcs/utils.o srcs/unset.o srcs/cd.o srcs/pwd.o srcs/searchcmd.o srcs/env_str.o -L libft -lft  -o minishell -L /usr/lib/x86_64-linux-gnu -lreadline
echo "Ca arrive..."
make: Leaving directory '/mnt/nfs/homes/lebackor/Minishell_v1'
 
